<?xml version="1.0" encoding="UTF-8"?>
<!-- Generated by org.testng.reporters.JUnitReportReporter -->
<testsuite hostname="GS-IT-00127" failures="0" tests="1" name="com.EcommerceProject.TestCases.ClaimTest" time="39.678" errors="0" timestamp="2023-11-09T10:06:59 IST" skipped="0">
  <testcase classname="com.EcommerceProject.TestCases.ClaimTest" name="assignClaim" time="39.678"/>
  <system-out/>
</testsuite> <!-- com.EcommerceProject.TestCases.ClaimTest -->
