<?xml version="1.0" encoding="UTF-8"?>
<!-- Generated by org.testng.reporters.JUnitReportReporter -->
<testsuite hostname="GS-IT-00127" failures="0" tests="1" name="com.EcommerceProject.TestCases.DashBoardTest" time="13.949" errors="0" timestamp="2023-11-08T17:24:07 IST" skipped="0">
  <testcase classname="com.EcommerceProject.TestCases.DashBoardTest" name="verifyTitle" time="13.949"/>
  <system-out/>
</testsuite> <!-- com.EcommerceProject.TestCases.DashBoardTest -->
