<?xml version="1.0" encoding="UTF-8"?>
<!-- Generated by org.testng.reporters.JUnitReportReporter -->
<testsuite hostname="GS-IT-00127" failures="0" tests="3" name="com.EcommerceProject.TestCases.IndexPageTest" time="64.236" errors="0" timestamp="2023-10-27T15:09:50 IST" skipped="0">
  <testcase classname="com.EcommerceProject.TestCases.IndexPageTest" name="login" time="21.684"/>
  <system-out/>
  <testcase classname="com.EcommerceProject.TestCases.IndexPageTest" name="login" time="24.944"/>
  <system-out/>
  <testcase classname="com.EcommerceProject.TestCases.IndexPageTest" name="verifyLogo" time="17.608"/>
  <system-out/>
</testsuite> <!-- com.EcommerceProject.TestCases.IndexPageTest -->
