<?xml version="1.0" encoding="UTF-8"?>
<!-- Generated by org.testng.reporters.JUnitReportReporter -->
<testsuite hostname="GS-IT-00127" failures="0" tests="3" name="com.EcommerceProject.TestCases.IndexPageTest" time="48.686" errors="0" timestamp="2023-11-08T17:24:07 IST" skipped="0">
  <testcase classname="com.EcommerceProject.TestCases.IndexPageTest" name="login" time="16.539"/>
  <system-out/>
  <testcase classname="com.EcommerceProject.TestCases.IndexPageTest" name="login" time="19.440"/>
  <system-out/>
  <testcase classname="com.EcommerceProject.TestCases.IndexPageTest" name="verifyLogo" time="12.707"/>
  <system-out/>
</testsuite> <!-- com.EcommerceProject.TestCases.IndexPageTest -->
