<?xml version="1.0" encoding="UTF-8"?>
<!-- Generated by org.testng.reporters.JUnitReportReporter -->
<testsuite hostname="GS-IT-00127" failures="0" tests="1" name="com.EcommerceProject.TestCases.PIMtest" time="21.833" errors="0" timestamp="2023-11-08T17:24:07 IST" skipped="0">
  <testcase classname="com.EcommerceProject.TestCases.PIMtest" name="addEmployee" time="21.833"/>
  <system-out/>
</testsuite> <!-- com.EcommerceProject.TestCases.PIMtest -->
